Log backed up at Thu Sep 20 04:33:08 EDT 2018:
0 items blacklisted from Sonarr
0 items blacklisted from Radarr
largest file on drive-80513980 k
Scanned at Thu Sep 20 04:33:08 EDT 2018 , driveA has 518889232 k free, movement not needed

0 items blacklisted from Sonarr
0 items blacklisted from Radarr
largest file on drive-80513980 k
Scanned at Thu Sep 20 04:48:08 EDT 2018 , driveA has 518889232 k free, movement not needed

0 items blacklisted from Sonarr
0 items blacklisted from Radarr
largest file on drive-80513980 k
Scanned at Thu Sep 20 05:03:09 EDT 2018 , driveA has 518889232 k free, movement not needed

0 items blacklisted from Sonarr
0 items blacklisted from Radarr
largest file on drive-80513980 k
Scanned at Thu Sep 20 05:18:09 EDT 2018 , driveA has 518889232 k free, movement not needed

0 items blacklisted from Sonarr
0 items blacklisted from Radarr
largest file on drive-80513980 k
Scanned at Thu Sep 20 05:33:09 EDT 2018 , driveA has 518889232 k free, movement not needed

0 items blacklisted from Sonarr
0 items blacklisted from Radarr
largest file on drive-80513980 k
Scanned at Thu Sep 20 05:48:09 EDT 2018 , driveA has 518889232 k free, movement not needed

0 items blacklisted from Sonarr
0 items blacklisted from Radarr
largest file on drive-80513980 k
Scanned at Thu Sep 20 06:03:09 EDT 2018 , driveA has 518889232 k free, movement not needed

0 items blacklisted from Sonarr
0 items blacklisted from Radarr
largest file on drive-80513980 k
Scanned at Thu Sep 20 06:18:09 EDT 2018 , driveA has 518889232 k free, movement not needed

0 items blacklisted from Sonarr
0 items blacklisted from Radarr
largest file on drive-80513980 k
Scanned at Thu Sep 20 06:33:10 EDT 2018 , driveA has 518889232 k free, movement not needed

0 items blacklisted from Sonarr
0 items blacklisted from Radarr
largest file on drive-80513980 k
Scanned at Thu Sep 20 06:48:10 EDT 2018 , driveA has 518889232 k free, movement not needed

0 items blacklisted from Sonarr
0 items blacklisted from Radarr
largest file on drive-80513980 k
Scanned at Thu Sep 20 07:03:10 EDT 2018 , driveA has 518889232 k free, movement not needed

0 items blacklisted from Sonarr
0 items blacklisted from Radarr
largest file on drive-80513980 k
Scanned at Thu Sep 20 07:18:10 EDT 2018 , driveA has 518889232 k free, movement not needed

0 items blacklisted from Sonarr
0 items blacklisted from Radarr
largest file on drive-80513980 k
Scanned at Thu Sep 20 07:33:10 EDT 2018 , driveA has 518889232 k free, movement not needed

0 items blacklisted from Sonarr
0 items blacklisted from Radarr
largest file on drive-80513980 k
Scanned at Thu Sep 20 07:48:10 EDT 2018 , driveA has 518889232 k free, movement not needed

0 items blacklisted from Sonarr
0 items blacklisted from Radarr
largest file on drive-80513980 k
Scanned at Thu Sep 20 08:03:11 EDT 2018 , driveA has 518889232 k free, movement not needed

1 items blacklisted from Sonarr
0 items blacklisted from Radarr
{}largest file on drive-80513980 k
Scanned at Thu Sep 20 08:18:29 EDT 2018 , driveA has 495064660 k free, movement not needed

0 items blacklisted from Sonarr
0 items blacklisted from Radarr
largest file on drive-80513980 k
Scanned at Thu Sep 20 08:33:29 EDT 2018 , driveA has 488281208 k free, movement not needed

0 items blacklisted from Sonarr
0 items blacklisted from Radarr
largest file on drive-80513980 k
Scanned at Thu Sep 20 08:48:29 EDT 2018 , driveA has 474865208 k free, movement not needed

0 items blacklisted from Sonarr
0 items blacklisted from Radarr
largest file on drive-80513980 k
Scanned at Thu Sep 20 09:03:30 EDT 2018 , driveA has 450886140 k free, movement not needed

0 items blacklisted from Sonarr
0 items blacklisted from Radarr
largest file on drive-80513980 k
Scanned at Thu Sep 20 09:18:32 EDT 2018 , driveA has 404318388 k free, movement not needed

